<?xml version="1.0" encoding="UTF-8"?>
<testsuite xmlns:xsi="http://www.w3.org/2001/XMLSchema-instance" xsi:noNamespaceSchemaLocation="https://maven.apache.org/surefire/maven-surefire-plugin/xsd/surefire-test-report-3.0.xsd" version="3.0" name="TestSuite" time="136.469" tests="5" errors="0" skipped="0" failures="1">
  <properties>
    <property name="sun.desktop" value="windows"/>
    <property name="awt.toolkit" value="sun.awt.windows.WToolkit"/>
    <property name="java.specification.version" value="11"/>
    <property name="sun.cpu.isalist" value="amd64"/>
    <property name="sun.jnu.encoding" value="Cp1252"/>
    <property name="java.class.path" value="C:\Users\dhruv\Desktop\SST Harsh\Ewheelz\target\test-classes;C:\Users\dhruv\Desktop\SST Harsh\Ewheelz\target\classes;C:\Users\dhruv\.m2\repository\org\seleniumhq\selenium\selenium-java\4.5.3\selenium-java-4.5.3.jar;C:\Users\dhruv\.m2\repository\org\seleniumhq\selenium\selenium-api\4.5.3\selenium-api-4.5.3.jar;C:\Users\dhruv\.m2\repository\org\seleniumhq\selenium\selenium-chrome-driver\4.5.3\selenium-chrome-driver-4.5.3.jar;C:\Users\dhruv\.m2\repository\com\google\auto\service\auto-service-annotations\1.0.1\auto-service-annotations-1.0.1.jar;C:\Users\dhruv\.m2\repository\com\google\auto\service\auto-service\1.0.1\auto-service-1.0.1.jar;C:\Users\dhruv\.m2\repository\com\google\auto\auto-common\1.2\auto-common-1.2.jar;C:\Users\dhruv\.m2\repository\com\google\guava\guava\31.1-jre\guava-31.1-jre.jar;C:\Users\dhruv\.m2\repository\com\google\guava\failureaccess\1.0.1\failureaccess-1.0.1.jar;C:\Users\dhruv\.m2\repository\com\google\guava\listenablefuture\9999.0-empty-to-avoid-conflict-with-guava\listenablefuture-9999.0-empty-to-avoid-conflict-with-guava.jar;C:\Users\dhruv\.m2\repository\com\google\code\findbugs\jsr305\3.0.2\jsr305-3.0.2.jar;C:\Users\dhruv\.m2\repository\org\checkerframework\checker-qual\3.12.0\checker-qual-3.12.0.jar;C:\Users\dhruv\.m2\repository\com\google\errorprone\error_prone_annotations\2.11.0\error_prone_annotations-2.11.0.jar;C:\Users\dhruv\.m2\repository\com\google\j2objc\j2objc-annotations\1.3\j2objc-annotations-1.3.jar;C:\Users\dhruv\.m2\repository\org\seleniumhq\selenium\selenium-chromium-driver\4.5.3\selenium-chromium-driver-4.5.3.jar;C:\Users\dhruv\.m2\repository\org\seleniumhq\selenium\selenium-json\4.5.3\selenium-json-4.5.3.jar;C:\Users\dhruv\.m2\repository\org\seleniumhq\selenium\selenium-devtools-v104\4.5.3\selenium-devtools-v104-4.5.3.jar;C:\Users\dhruv\.m2\repository\org\seleniumhq\selenium\selenium-devtools-v105\4.5.3\selenium-devtools-v105-4.5.3.jar;C:\Users\dhruv\.m2\repository\org\seleniumhq\selenium\selenium-devtools-v106\4.5.3\selenium-devtools-v106-4.5.3.jar;C:\Users\dhruv\.m2\repository\org\seleniumhq\selenium\selenium-devtools-v85\4.5.3\selenium-devtools-v85-4.5.3.jar;C:\Users\dhruv\.m2\repository\org\seleniumhq\selenium\selenium-edge-driver\4.5.3\selenium-edge-driver-4.5.3.jar;C:\Users\dhruv\.m2\repository\org\seleniumhq\selenium\selenium-firefox-driver\4.5.3\selenium-firefox-driver-4.5.3.jar;C:\Users\dhruv\.m2\repository\org\seleniumhq\selenium\selenium-ie-driver\4.5.3\selenium-ie-driver-4.5.3.jar;C:\Users\dhruv\.m2\repository\org\seleniumhq\selenium\selenium-remote-driver\4.5.3\selenium-remote-driver-4.5.3.jar;C:\Users\dhruv\.m2\repository\io\netty\netty-buffer\4.1.84.Final\netty-buffer-4.1.84.Final.jar;C:\Users\dhruv\.m2\repository\io\netty\netty-codec-http\4.1.84.Final\netty-codec-http-4.1.84.Final.jar;C:\Users\dhruv\.m2\repository\io\netty\netty-codec\4.1.84.Final\netty-codec-4.1.84.Final.jar;C:\Users\dhruv\.m2\repository\io\netty\netty-handler\4.1.84.Final\netty-handler-4.1.84.Final.jar;C:\Users\dhruv\.m2\repository\io\netty\netty-common\4.1.84.Final\netty-common-4.1.84.Final.jar;C:\Users\dhruv\.m2\repository\io\netty\netty-transport-classes-epoll\4.1.84.Final\netty-transport-classes-epoll-4.1.84.Final.jar;C:\Users\dhruv\.m2\repository\io\netty\netty-transport-classes-kqueue\4.1.84.Final\netty-transport-classes-kqueue-4.1.84.Final.jar;C:\Users\dhruv\.m2\repository\io\netty\netty-transport-native-epoll\4.1.84.Final\netty-transport-native-epoll-4.1.84.Final.jar;C:\Users\dhruv\.m2\repository\io\netty\netty-transport-native-kqueue\4.1.84.Final\netty-transport-native-kqueue-4.1.84.Final.jar;C:\Users\dhruv\.m2\repository\io\netty\netty-transport-native-unix-common\4.1.84.Final\netty-transport-native-unix-common-4.1.84.Final.jar;C:\Users\dhruv\.m2\repository\io\netty\netty-transport\4.1.84.Final\netty-transport-4.1.84.Final.jar;C:\Users\dhruv\.m2\repository\io\netty\netty-resolver\4.1.84.Final\netty-resolver-4.1.84.Final.jar;C:\Users\dhruv\.m2\repository\io\opentelemetry\opentelemetry-api\1.19.0\opentelemetry-api-1.19.0.jar;C:\Users\dhruv\.m2\repository\io\opentelemetry\opentelemetry-context\1.19.0\opentelemetry-context-1.19.0.jar;C:\Users\dhruv\.m2\repository\io\opentelemetry\opentelemetry-exporter-logging\1.19.0\opentelemetry-exporter-logging-1.19.0.jar;C:\Users\dhruv\.m2\repository\io\opentelemetry\opentelemetry-sdk-metrics\1.19.0\opentelemetry-sdk-metrics-1.19.0.jar;C:\Users\dhruv\.m2\repository\io\opentelemetry\opentelemetry-sdk-logs\1.19.0-alpha\opentelemetry-sdk-logs-1.19.0-alpha.jar;C:\Users\dhruv\.m2\repository\io\opentelemetry\opentelemetry-api-logs\1.19.0-alpha\opentelemetry-api-logs-1.19.0-alpha.jar;C:\Users\dhruv\.m2\repository\io\opentelemetry\opentelemetry-sdk-common\1.19.0\opentelemetry-sdk-common-1.19.0.jar;C:\Users\dhruv\.m2\repository\io\opentelemetry\opentelemetry-sdk-extension-autoconfigure-spi\1.19.0\opentelemetry-sdk-extension-autoconfigure-spi-1.19.0.jar;C:\Users\dhruv\.m2\repository\io\opentelemetry\opentelemetry-sdk-extension-autoconfigure\1.19.0-alpha\opentelemetry-sdk-extension-autoconfigure-1.19.0-alpha.jar;C:\Users\dhruv\.m2\repository\io\opentelemetry\opentelemetry-exporter-common\1.19.0\opentelemetry-exporter-common-1.19.0.jar;C:\Users\dhruv\.m2\repository\io\opentelemetry\opentelemetry-sdk-trace\1.19.0\opentelemetry-sdk-trace-1.19.0.jar;C:\Users\dhruv\.m2\repository\io\opentelemetry\opentelemetry-sdk\1.19.0\opentelemetry-sdk-1.19.0.jar;C:\Users\dhruv\.m2\repository\io\opentelemetry\opentelemetry-semconv\1.19.0-alpha\opentelemetry-semconv-1.19.0-alpha.jar;C:\Users\dhruv\.m2\repository\io\ous\jtoml\2.0.0\jtoml-2.0.0.jar;C:\Users\dhruv\.m2\repository\net\bytebuddy\byte-buddy\1.12.18\byte-buddy-1.12.18.jar;C:\Users\dhruv\.m2\repository\org\apache\commons\commons-exec\1.3\commons-exec-1.3.jar;C:\Users\dhruv\.m2\repository\org\asynchttpclient\async-http-client\2.12.3\async-http-client-2.12.3.jar;C:\Users\dhruv\.m2\repository\org\asynchttpclient\async-http-client-netty-utils\2.12.3\async-http-client-netty-utils-2.12.3.jar;C:\Users\dhruv\.m2\repository\io\netty\netty-codec-socks\4.1.60.Final\netty-codec-socks-4.1.60.Final.jar;C:\Users\dhruv\.m2\repository\io\netty\netty-handler-proxy\4.1.60.Final\netty-handler-proxy-4.1.60.Final.jar;C:\Users\dhruv\.m2\repository\io\netty\netty-transport-native-epoll\4.1.60.Final\netty-transport-native-epoll-4.1.60.Final-linux-x86_64.jar;C:\Users\dhruv\.m2\repository\io\netty\netty-transport-native-kqueue\4.1.60.Final\netty-transport-native-kqueue-4.1.60.Final-osx-x86_64.jar;C:\Users\dhruv\.m2\repository\org\reactivestreams\reactive-streams\1.0.3\reactive-streams-1.0.3.jar;C:\Users\dhruv\.m2\repository\com\typesafe\netty\netty-reactive-streams\2.0.4\netty-reactive-streams-2.0.4.jar;C:\Users\dhruv\.m2\repository\org\slf4j\slf4j-api\1.7.30\slf4j-api-1.7.30.jar;C:\Users\dhruv\.m2\repository\com\sun\activation\jakarta.activation\1.2.2\jakarta.activation-1.2.2.jar;C:\Users\dhruv\.m2\repository\org\seleniumhq\selenium\selenium-http\4.5.3\selenium-http-4.5.3.jar;C:\Users\dhruv\.m2\repository\dev\failsafe\failsafe\3.3.0\failsafe-3.3.0.jar;C:\Users\dhruv\.m2\repository\org\seleniumhq\selenium\selenium-safari-driver\4.5.3\selenium-safari-driver-4.5.3.jar;C:\Users\dhruv\.m2\repository\org\seleniumhq\selenium\selenium-support\4.5.3\selenium-support-4.5.3.jar;C:\Users\dhruv\.m2\repository\commons-io\commons-io\2.11.0\commons-io-2.11.0.jar;C:\Users\dhruv\.m2\repository\org\testng\testng\6.9.8\testng-6.9.8.jar;C:\Users\dhruv\.m2\repository\org\beanshell\bsh\2.0b4\bsh-2.0b4.jar;C:\Users\dhruv\.m2\repository\com\beust\jcommander\1.48\jcommander-1.48.jar;"/>
    <property name="java.vm.vendor" value="Oracle Corporation"/>
    <property name="sun.arch.data.model" value="64"/>
    <property name="user.variant" value=""/>
    <property name="java.vendor.url" value="https://openjdk.java.net/"/>
    <property name="user.timezone" value="America/New_York"/>
    <property name="java.vm.specification.version" value="11"/>
    <property name="os.name" value="Windows 10"/>
    <property name="sun.java.launcher" value="SUN_STANDARD"/>
    <property name="user.country" value="US"/>
    <property name="sun.boot.library.path" value="C:\Program Files\Java\jdk-11.0.16.1\bin"/>
    <property name="sun.java.command" value="C:\Users\dhruv\AppData\Local\Temp\surefire3352451358409738746\surefirebooter3750403290106394477.jar C:\Users\dhruv\AppData\Local\Temp\surefire3352451358409738746 2022-12-01T17-14-40_230-jvmRun1 surefire7470879050754233399tmp surefire_011268480386426488391tmp"/>
    <property name="jdk.debug" value="release"/>
    <property name="surefire.test.class.path" value="C:\Users\dhruv\Desktop\SST Harsh\Ewheelz\target\test-classes;C:\Users\dhruv\Desktop\SST Harsh\Ewheelz\target\classes;C:\Users\dhruv\.m2\repository\org\seleniumhq\selenium\selenium-java\4.5.3\selenium-java-4.5.3.jar;C:\Users\dhruv\.m2\repository\org\seleniumhq\selenium\selenium-api\4.5.3\selenium-api-4.5.3.jar;C:\Users\dhruv\.m2\repository\org\seleniumhq\selenium\selenium-chrome-driver\4.5.3\selenium-chrome-driver-4.5.3.jar;C:\Users\dhruv\.m2\repository\com\google\auto\service\auto-service-annotations\1.0.1\auto-service-annotations-1.0.1.jar;C:\Users\dhruv\.m2\repository\com\google\auto\service\auto-service\1.0.1\auto-service-1.0.1.jar;C:\Users\dhruv\.m2\repository\com\google\auto\auto-common\1.2\auto-common-1.2.jar;C:\Users\dhruv\.m2\repository\com\google\guava\guava\31.1-jre\guava-31.1-jre.jar;C:\Users\dhruv\.m2\repository\com\google\guava\failureaccess\1.0.1\failureaccess-1.0.1.jar;C:\Users\dhruv\.m2\repository\com\google\guava\listenablefuture\9999.0-empty-to-avoid-conflict-with-guava\listenablefuture-9999.0-empty-to-avoid-conflict-with-guava.jar;C:\Users\dhruv\.m2\repository\com\google\code\findbugs\jsr305\3.0.2\jsr305-3.0.2.jar;C:\Users\dhruv\.m2\repository\org\checkerframework\checker-qual\3.12.0\checker-qual-3.12.0.jar;C:\Users\dhruv\.m2\repository\com\google\errorprone\error_prone_annotations\2.11.0\error_prone_annotations-2.11.0.jar;C:\Users\dhruv\.m2\repository\com\google\j2objc\j2objc-annotations\1.3\j2objc-annotations-1.3.jar;C:\Users\dhruv\.m2\repository\org\seleniumhq\selenium\selenium-chromium-driver\4.5.3\selenium-chromium-driver-4.5.3.jar;C:\Users\dhruv\.m2\repository\org\seleniumhq\selenium\selenium-json\4.5.3\selenium-json-4.5.3.jar;C:\Users\dhruv\.m2\repository\org\seleniumhq\selenium\selenium-devtools-v104\4.5.3\selenium-devtools-v104-4.5.3.jar;C:\Users\dhruv\.m2\repository\org\seleniumhq\selenium\selenium-devtools-v105\4.5.3\selenium-devtools-v105-4.5.3.jar;C:\Users\dhruv\.m2\repository\org\seleniumhq\selenium\selenium-devtools-v106\4.5.3\selenium-devtools-v106-4.5.3.jar;C:\Users\dhruv\.m2\repository\org\seleniumhq\selenium\selenium-devtools-v85\4.5.3\selenium-devtools-v85-4.5.3.jar;C:\Users\dhruv\.m2\repository\org\seleniumhq\selenium\selenium-edge-driver\4.5.3\selenium-edge-driver-4.5.3.jar;C:\Users\dhruv\.m2\repository\org\seleniumhq\selenium\selenium-firefox-driver\4.5.3\selenium-firefox-driver-4.5.3.jar;C:\Users\dhruv\.m2\repository\org\seleniumhq\selenium\selenium-ie-driver\4.5.3\selenium-ie-driver-4.5.3.jar;C:\Users\dhruv\.m2\repository\org\seleniumhq\selenium\selenium-remote-driver\4.5.3\selenium-remote-driver-4.5.3.jar;C:\Users\dhruv\.m2\repository\io\netty\netty-buffer\4.1.84.Final\netty-buffer-4.1.84.Final.jar;C:\Users\dhruv\.m2\repository\io\netty\netty-codec-http\4.1.84.Final\netty-codec-http-4.1.84.Final.jar;C:\Users\dhruv\.m2\repository\io\netty\netty-codec\4.1.84.Final\netty-codec-4.1.84.Final.jar;C:\Users\dhruv\.m2\repository\io\netty\netty-handler\4.1.84.Final\netty-handler-4.1.84.Final.jar;C:\Users\dhruv\.m2\repository\io\netty\netty-common\4.1.84.Final\netty-common-4.1.84.Final.jar;C:\Users\dhruv\.m2\repository\io\netty\netty-transport-classes-epoll\4.1.84.Final\netty-transport-classes-epoll-4.1.84.Final.jar;C:\Users\dhruv\.m2\repository\io\netty\netty-transport-classes-kqueue\4.1.84.Final\netty-transport-classes-kqueue-4.1.84.Final.jar;C:\Users\dhruv\.m2\repository\io\netty\netty-transport-native-epoll\4.1.84.Final\netty-transport-native-epoll-4.1.84.Final.jar;C:\Users\dhruv\.m2\repository\io\netty\netty-transport-native-kqueue\4.1.84.Final\netty-transport-native-kqueue-4.1.84.Final.jar;C:\Users\dhruv\.m2\repository\io\netty\netty-transport-native-unix-common\4.1.84.Final\netty-transport-native-unix-common-4.1.84.Final.jar;C:\Users\dhruv\.m2\repository\io\netty\netty-transport\4.1.84.Final\netty-transport-4.1.84.Final.jar;C:\Users\dhruv\.m2\repository\io\netty\netty-resolver\4.1.84.Final\netty-resolver-4.1.84.Final.jar;C:\Users\dhruv\.m2\repository\io\opentelemetry\opentelemetry-api\1.19.0\opentelemetry-api-1.19.0.jar;C:\Users\dhruv\.m2\repository\io\opentelemetry\opentelemetry-context\1.19.0\opentelemetry-context-1.19.0.jar;C:\Users\dhruv\.m2\repository\io\opentelemetry\opentelemetry-exporter-logging\1.19.0\opentelemetry-exporter-logging-1.19.0.jar;C:\Users\dhruv\.m2\repository\io\opentelemetry\opentelemetry-sdk-metrics\1.19.0\opentelemetry-sdk-metrics-1.19.0.jar;C:\Users\dhruv\.m2\repository\io\opentelemetry\opentelemetry-sdk-logs\1.19.0-alpha\opentelemetry-sdk-logs-1.19.0-alpha.jar;C:\Users\dhruv\.m2\repository\io\opentelemetry\opentelemetry-api-logs\1.19.0-alpha\opentelemetry-api-logs-1.19.0-alpha.jar;C:\Users\dhruv\.m2\repository\io\opentelemetry\opentelemetry-sdk-common\1.19.0\opentelemetry-sdk-common-1.19.0.jar;C:\Users\dhruv\.m2\repository\io\opentelemetry\opentelemetry-sdk-extension-autoconfigure-spi\1.19.0\opentelemetry-sdk-extension-autoconfigure-spi-1.19.0.jar;C:\Users\dhruv\.m2\repository\io\opentelemetry\opentelemetry-sdk-extension-autoconfigure\1.19.0-alpha\opentelemetry-sdk-extension-autoconfigure-1.19.0-alpha.jar;C:\Users\dhruv\.m2\repository\io\opentelemetry\opentelemetry-exporter-common\1.19.0\opentelemetry-exporter-common-1.19.0.jar;C:\Users\dhruv\.m2\repository\io\opentelemetry\opentelemetry-sdk-trace\1.19.0\opentelemetry-sdk-trace-1.19.0.jar;C:\Users\dhruv\.m2\repository\io\opentelemetry\opentelemetry-sdk\1.19.0\opentelemetry-sdk-1.19.0.jar;C:\Users\dhruv\.m2\repository\io\opentelemetry\opentelemetry-semconv\1.19.0-alpha\opentelemetry-semconv-1.19.0-alpha.jar;C:\Users\dhruv\.m2\repository\io\ous\jtoml\2.0.0\jtoml-2.0.0.jar;C:\Users\dhruv\.m2\repository\net\bytebuddy\byte-buddy\1.12.18\byte-buddy-1.12.18.jar;C:\Users\dhruv\.m2\repository\org\apache\commons\commons-exec\1.3\commons-exec-1.3.jar;C:\Users\dhruv\.m2\repository\org\asynchttpclient\async-http-client\2.12.3\async-http-client-2.12.3.jar;C:\Users\dhruv\.m2\repository\org\asynchttpclient\async-http-client-netty-utils\2.12.3\async-http-client-netty-utils-2.12.3.jar;C:\Users\dhruv\.m2\repository\io\netty\netty-codec-socks\4.1.60.Final\netty-codec-socks-4.1.60.Final.jar;C:\Users\dhruv\.m2\repository\io\netty\netty-handler-proxy\4.1.60.Final\netty-handler-proxy-4.1.60.Final.jar;C:\Users\dhruv\.m2\repository\io\netty\netty-transport-native-epoll\4.1.60.Final\netty-transport-native-epoll-4.1.60.Final-linux-x86_64.jar;C:\Users\dhruv\.m2\repository\io\netty\netty-transport-native-kqueue\4.1.60.Final\netty-transport-native-kqueue-4.1.60.Final-osx-x86_64.jar;C:\Users\dhruv\.m2\repository\org\reactivestreams\reactive-streams\1.0.3\reactive-streams-1.0.3.jar;C:\Users\dhruv\.m2\repository\com\typesafe\netty\netty-reactive-streams\2.0.4\netty-reactive-streams-2.0.4.jar;C:\Users\dhruv\.m2\repository\org\slf4j\slf4j-api\1.7.30\slf4j-api-1.7.30.jar;C:\Users\dhruv\.m2\repository\com\sun\activation\jakarta.activation\1.2.2\jakarta.activation-1.2.2.jar;C:\Users\dhruv\.m2\repository\org\seleniumhq\selenium\selenium-http\4.5.3\selenium-http-4.5.3.jar;C:\Users\dhruv\.m2\repository\dev\failsafe\failsafe\3.3.0\failsafe-3.3.0.jar;C:\Users\dhruv\.m2\repository\org\seleniumhq\selenium\selenium-safari-driver\4.5.3\selenium-safari-driver-4.5.3.jar;C:\Users\dhruv\.m2\repository\org\seleniumhq\selenium\selenium-support\4.5.3\selenium-support-4.5.3.jar;C:\Users\dhruv\.m2\repository\commons-io\commons-io\2.11.0\commons-io-2.11.0.jar;C:\Users\dhruv\.m2\repository\org\testng\testng\6.9.8\testng-6.9.8.jar;C:\Users\dhruv\.m2\repository\org\beanshell\bsh\2.0b4\bsh-2.0b4.jar;C:\Users\dhruv\.m2\repository\com\beust\jcommander\1.48\jcommander-1.48.jar;"/>
    <property name="sun.cpu.endian" value="little"/>
    <property name="user.home" value="C:\Users\dhruv"/>
    <property name="user.language" value="en"/>
    <property name="java.specification.vendor" value="Oracle Corporation"/>
    <property name="java.version.date" value="2022-08-18"/>
    <property name="java.home" value="C:\Program Files\Java\jdk-11.0.16.1"/>
    <property name="file.separator" value="\"/>
    <property name="basedir" value="C:\Users\dhruv\Desktop\SST Harsh\Ewheelz"/>
    <property name="java.vm.compressedOopsMode" value="32-bit"/>
    <property name="line.separator" value="&#10;"/>
    <property name="java.specification.name" value="Java Platform API Specification"/>
    <property name="java.vm.specification.vendor" value="Oracle Corporation"/>
    <property name="java.awt.graphicsenv" value="sun.awt.Win32GraphicsEnvironment"/>
    <property name="surefire.real.class.path" value="C:\Users\dhruv\AppData\Local\Temp\surefire3352451358409738746\surefirebooter3750403290106394477.jar"/>
    <property name="user.script" value=""/>
    <property name="sun.management.compiler" value="HotSpot 64-Bit Tiered Compilers"/>
    <property name="java.runtime.version" value="11.0.16.1+1-LTS-1"/>
    <property name="user.name" value="dhruv"/>
    <property name="path.separator" value=";"/>
    <property name="os.version" value="10.0"/>
    <property name="java.runtime.name" value="Java(TM) SE Runtime Environment"/>
    <property name="file.encoding" value="Cp1252"/>
    <property name="java.vm.name" value="Java HotSpot(TM) 64-Bit Server VM"/>
    <property name="java.vendor.version" value="18.9"/>
    <property name="localRepository" value="C:\Users\dhruv\.m2\repository"/>
    <property name="java.vendor.url.bug" value="https://bugreport.java.com/bugreport/"/>
    <property name="java.io.tmpdir" value="C:\Users\dhruv\AppData\Local\Temp\"/>
    <property name="java.version" value="11.0.16.1"/>
    <property name="user.dir" value="C:\Users\dhruv\Desktop\SST Harsh\Ewheelz"/>
    <property name="os.arch" value="amd64"/>
    <property name="java.vm.specification.name" value="Java Virtual Machine Specification"/>
    <property name="java.awt.printerjob" value="sun.awt.windows.WPrinterJob"/>
    <property name="sun.os.patch.level" value=""/>
    <property name="java.library.path" value="C:\Program Files\Java\jdk-11.0.16.1\bin;C:\Windows\Sun\Java\bin;C:\Windows\system32;C:\Windows;C:\Users\dhruv\.jenkins\tools\hudson.tasks.Maven_MavenInstallation\mvn/bin;C:\Program Files\Java\jdk-11.0.16.1/bin;C:\Program Files\Java\jdk-11.0.16.1/bin;C:\oraclexe\app\oracle\product\11.2.0\server\bin;C:\Program Files (x86)\Intel\iCLS Client\;C:\Program Files\Intel\iCLS Client\;C:\Windows\system32;C:\Windows;C:\Windows\System32\Wbem;C:\Windows\System32\WindowsPowerShell\v1.0\;C:\Program Files (x86)\Intel\Intel(R) Management Engine Components\DAL;C:\Program Files\Intel\Intel(R) Management Engine Components\DAL;C:\Program Files (x86)\Intel\Intel(R) Management Engine Components\IPT;C:\Program Files\Intel\Intel(R) Management Engine Components\IPT;C:\Program Files\Intel\WiFi\bin\;C:\Program Files\Common Files\Intel\WirelessCommon\;C:\Program Files (x86)\Skype\Phone\;C:\Windows\System32\OpenSSH\;C:\Program Files\Microsoft SQL Server\Client SDK\ODBC\170\Tools\Binn\;C:\Program Files (x86)\Microsoft SQL Server\150\Tools\Binn\;C:\Program Files\Microsoft SQL Server\150\Tools\Binn\;C:\Program Files\Microsoft SQL Server\150\DTS\Binn\;C:\Program Files (x86)\Microsoft SQL Server\150\DTS\Binn\;C:\Program Files\Azure Data Studio\bin;C:\Program Files\dotnet\;C:\Program Files\Java\jdk-11.0.16.1\bin;C:\Users\dhruv\Desktop\Capstone\Environment\apache-tomcat-9.0.19\bin;C:\Users\dhruv\AppData\Local\Microsoft\WindowsApps;;."/>
    <property name="java.vendor" value="Oracle Corporation"/>
    <property name="java.vm.info" value="mixed mode"/>
    <property name="java.vm.version" value="11.0.16.1+1-LTS-1"/>
    <property name="sun.io.unicode.encoding" value="UnicodeLittle"/>
    <property name="java.class.version" value="55.0"/>
  </properties>
  <testcase name="TestBooking" classname="EwheelzAutomation.Book" time="27.848"/>
  <testcase name="TestCancelTicket" classname="EwheelzAutomation.Cancel" time="7.639"/>
  <testcase name="TestViewTestimonial" classname="EwheelzAutomation.Testimonials" time="6.852"/>
  <testcase name="TestViewRoutes" classname="EwheelzAutomation.ViewRoutes" time="6.753"/>
  <testcase name="GiveTestimonial" classname="EwheelzAutomation.Testimonials" time="9.55">
    <failure message="The following asserts failed:&#10;	expected [true] but found [false]" type="java.lang.AssertionError">java.lang.AssertionError: 
The following asserts failed:
	expected [true] but found [false]
	at EwheelzAutomation.Testimonials.GiveTestimonial(Testimonials.java:75)
</failure>
    <system-err><![CDATA[Starting ChromeDriver 106.0.5249.61 (511755355844955cd3e264779baf0dd38212a4d0-refs/branch-heads/5249@{#569}) on port 21858
Only local connections are allowed.
Please see https://chromedriver.chromium.org/security-considerations for suggestions on keeping ChromeDriver safe.
ChromeDriver was started successfully.
[1669933003.344][WARNING]: This version of ChromeDriver has not been tested with Chrome version 107.
Dec 01, 2022 5:16:44 PM org.openqa.selenium.devtools.CdpVersionFinder findNearestMatch
WARNING: Unable to find an exact match for CDP version 107, so returning the closest version found: 106
]]></system-err>
  </testcase>
</testsuite>