<?xml version="1.0" encoding="UTF-8"?>
<!-- Generated by org.testng.reporters.JUnitReportReporter -->
<testsuite hostname="DESKTOP-R09BFLF" failures="0" tests="1" name="EwheelzAutomation.Cancel" time="15.678" errors="0" timestamp="2022-12-04T11:01:31 EST" skipped="0">
  <testcase classname="EwheelzAutomation.Cancel" name="TestCancelTicket" time="15.678"/>
  <system-out/>
</testsuite> <!-- EwheelzAutomation.Cancel -->
