<?xml version="1.0" encoding="UTF-8"?>
<!-- Generated by org.testng.reporters.JUnitReportReporter -->
<testsuite hostname="DESKTOP-R09BFLF" failures="0" tests="1" name="EwheelzAutomation.GreenCart" time="8.913" errors="0" timestamp="2022-12-19T23:57:23 EST" skipped="0">
  <testcase classname="EwheelzAutomation.GreenCart" name="f" time="8.913"/>
  <system-out/>
</testsuite> <!-- EwheelzAutomation.GreenCart -->
