<?xml version="1.0" encoding="UTF-8"?>
<!-- Generated by org.testng.reporters.JUnitReportReporter -->
<testsuite hostname="DESKTOP-R09BFLF" failures="0" tests="2" name="EwheelzAutomation.Testimonials" time="36.663" errors="0" timestamp="2022-12-04T11:01:31 EST" skipped="0">
  <testcase classname="EwheelzAutomation.Testimonials" name="TestViewTestimonial" time="18.157"/>
  <system-out/>
  <testcase classname="EwheelzAutomation.Testimonials" name="GiveTestimonial" time="18.506"/>
  <system-out/>
</testsuite> <!-- EwheelzAutomation.Testimonials -->
