<?xml version="1.0" encoding="UTF-8"?>
<!-- Generated by org.testng.reporters.JUnitReportReporter -->
<testsuite hostname="DESKTOP-R09BFLF" failures="0" tests="1" name="EwheelzAutomation.ViewRoutes" time="14.566" errors="0" timestamp="2022-12-04T11:01:31 EST" skipped="0">
  <testcase classname="EwheelzAutomation.ViewRoutes" name="TestViewRoutes" time="14.566"/>
  <system-out/>
</testsuite> <!-- EwheelzAutomation.ViewRoutes -->
