<?xml version="1.0" encoding="UTF-8"?>
<!-- Generated by org.testng.reporters.JUnitReportReporter -->
<testsuite hostname="DESKTOP-R09BFLF" failures="0" tests="1" name="EwheelzAutomation.Book" time="36.797" errors="0" timestamp="2022-12-04T11:01:31 EST" skipped="0">
  <testcase classname="EwheelzAutomation.Book" name="TestBooking" time="36.797"/>
  <system-out/>
</testsuite> <!-- EwheelzAutomation.Book -->
