<?xml version="1.0" encoding="UTF-8"?>
<!-- Generated by org.testng.reporters.JUnitReportReporter -->
<testsuite hostname="DESKTOP-R09BFLF" failures="0" tests="1" name="testpom.NewTest" time="19.351" errors="0" timestamp="2022-12-20T09:53:18 EST" skipped="0">
  <testcase classname="testpom.NewTest" name="TestAdminLogin" time="19.351"/>
  <system-out/>
</testsuite> <!-- testpom.NewTest -->
