<?xml version="1.0" encoding="UTF-8"?>
<!-- Generated by org.testng.reporters.JUnitReportReporter -->
<testsuite hostname="DESKTOP-R09BFLF" failures="0" tests="1" name="EwheelzAutomation.ViewRoutes" time="24.395" errors="0" timestamp="1 Dec 2022 22:16:59 GMT">
  <testcase classname="EwheelzAutomation.ViewRoutes" name="TestViewRoutes" time="24.395"/>
</testsuite> <!-- EwheelzAutomation.ViewRoutes -->
